# dotnet NabeAtsu.App.dll run 987654210124568 150
987654210124568
きゅうひゃくはちじゅっななちょーろくせんごひゃくよんじゅうにおくせんじゅうにまんよんせんごひゃくろくじゅうきゅう
わん！U^ｪ^U
987654210124571
きゅうひゃくはちじゅっななちょーろくせんごひゃくよんじゅうにおくせんじゅうにまんよんせんごひゃくななじゅうにぃ
きゅうひゃくはちじゅっななちょーろくせんごひゃくよんじゅうにおくせんじゅうにまんよんせんごひゃくななじゅうさぁん
987654210124574
わおーーーーーーーん！U゜ｪ。U
987654210124576
987654210124577
きゅうひゃくはちじゅっななちょーろくせんごひゃくよんじゅうにおくせんじゅうにまんよんせんごひゃくななじゅうはぁち
987654210124579
わん！U^ｪ^U
きゅうひゃくはちじゅっななちょーろくせんごひゃくよんじゅうにおくせんじゅうにまんよんせんごひゃくはちじゅういち
987654210124582
きゅうひゃくはちじゅっななちょーろくせんごひゃくよんじゅうにおくせんじゅうにまんよんせんごひゃくはちじゅうさぁん
きゅうひゃくはちじゅっななちょーろくせんごひゃくよんじゅうにおくせんじゅうにまんよんせんごひゃくはちじゅうよぉん
わん！U^ｪ^U
987654210124586
きゅうひゃくはちじゅっななちょーろくせんごひゃくよんじゅうにおくせんじゅうにまんよんせんごひゃくはちじゅうななぁ
987654210124588
987654210124589
わおーーーーーーーん！U゜ｪ。U
987654210124591
987654210124592
きゅうひゃくはちじゅっななちょーろくせんごひゃくよんじゅうにおくせんじゅうにまんよんせんごひゃくきゅうじゅうさぁん
987654210124594
わん！U^ｪ^U
きゅうひゃくはちじゅっななちょーろくせんごひゃくよんじゅうにおくせんじゅうにまんよんせんごひゃくきゅうじゅうろぉく
987654210124597
987654210124598
きゅうひゃくはちじゅっななちょーろくせんごひゃくよんじゅうにおくせんじゅうにまんよんせんごひゃくきゅうじゅうきゅう
わん！U^ｪ^U
987654210124601
きゅうひゃくはちじゅっななちょーろくせんごひゃくよんじゅうにおくせんじゅうにまんよんせんろっぴゃくにぃ
きゅうひゃくはちじゅっななちょーろくせんごひゃくよんじゅうにおくせんじゅうにまんよんせんろっぴゃくさぁん
987654210124604
わおーーーーーーーん！U゜ｪ。U
987654210124606
987654210124607
きゅうひゃくはちじゅっななちょーろくせんごひゃくよんじゅうにおくせんじゅうにまんよんせんろっぴゃくはぁち
987654210124609
わん！U^ｪ^U
きゅうひゃくはちじゅっななちょーろくせんごひゃくよんじゅうにおくせんじゅうにまんよんせんろっぴゃくじゅういち
987654210124612
きゅうひゃくはちじゅっななちょーろくせんごひゃくよんじゅうにおくせんじゅうにまんよんせんろっぴゃくじゅうさぁん
きゅうひゃくはちじゅっななちょーろくせんごひゃくよんじゅうにおくせんじゅうにまんよんせんろっぴゃくじゅうよぉん
わん！U^ｪ^U
987654210124616
きゅうひゃくはちじゅっななちょーろくせんごひゃくよんじゅうにおくせんじゅうにまんよんせんろっぴゃくじゅうななぁ
987654210124618
987654210124619
わおーーーーーーーん！U゜ｪ。U
987654210124621
987654210124622
きゅうひゃくはちじゅっななちょーろくせんごひゃくよんじゅうにおくせんじゅうにまんよんせんろっぴゃくにじゅうさぁん
987654210124624
わん！U^ｪ^U
きゅうひゃくはちじゅっななちょーろくせんごひゃくよんじゅうにおくせんじゅうにまんよんせんろっぴゃくにじゅうろぉく
987654210124627
987654210124628
きゅうひゃくはちじゅっななちょーろくせんごひゃくよんじゅうにおくせんじゅうにまんよんせんろっぴゃくにじゅうきゅう
わおーーーーーーーん！U゜ｪ。U
きゅうひゃくはちじゅっななちょーろくせんごひゃくよんじゅうにおくせんじゅうにまんよんせんろっぴゃくさんじゅういち
きゅうひゃくはちじゅっななちょーろくせんごひゃくよんじゅうにおくせんじゅうにまんよんせんろっぴゃくさんじゅうにぃ
きゅうひゃくはちじゅっななちょーろくせんごひゃくよんじゅうにおくせんじゅうにまんよんせんろっぴゃくさんじゅうさぁん
きゅうひゃくはちじゅっななちょーろくせんごひゃくよんじゅうにおくせんじゅうにまんよんせんろっぴゃくさんじゅうよぉん
わおーーーーーーーん！U゜ｪ。U
きゅうひゃくはちじゅっななちょーろくせんごひゃくよんじゅうにおくせんじゅうにまんよんせんろっぴゃくさんじゅうろぉく
きゅうひゃくはちじゅっななちょーろくせんごひゃくよんじゅうにおくせんじゅうにまんよんせんろっぴゃくさんじゅうななぁ
きゅうひゃくはちじゅっななちょーろくせんごひゃくよんじゅうにおくせんじゅうにまんよんせんろっぴゃくさんじゅうはぁち
きゅうひゃくはちじゅっななちょーろくせんごひゃくよんじゅうにおくせんじゅうにまんよんせんろっぴゃくさんじゅうきゅう
わん！U^ｪ^U
きゅうひゃくはちじゅっななちょーろくせんごひゃくよんじゅうにおくせんじゅうにまんよんせんろっぴゃくよんじゅういち
987654210124642
きゅうひゃくはちじゅっななちょーろくせんごひゃくよんじゅうにおくせんじゅうにまんよんせんろっぴゃくよんじゅうさぁん
きゅうひゃくはちじゅっななちょーろくせんごひゃくよんじゅうにおくせんじゅうにまんよんせんろっぴゃくよんじゅうよぉん
わん！U^ｪ^U
987654210124646
きゅうひゃくはちじゅっななちょーろくせんごひゃくよんじゅうにおくせんじゅうにまんよんせんろっぴゃくよんじゅうななぁ
987654210124648
987654210124649
わおーーーーーーーん！U゜ｪ。U
987654210124651
987654210124652
きゅうひゃくはちじゅっななちょーろくせんごひゃくよんじゅうにおくせんじゅうにまんよんせんろっぴゃくごじゅうさぁん
987654210124654
わん！U^ｪ^U
きゅうひゃくはちじゅっななちょーろくせんごひゃくよんじゅうにおくせんじゅうにまんよんせんろっぴゃくごじゅうろぉく
987654210124657
987654210124658
きゅうひゃくはちじゅっななちょーろくせんごひゃくよんじゅうにおくせんじゅうにまんよんせんろっぴゃくごじゅうきゅう
わん！U^ｪ^U
987654210124661
きゅうひゃくはちじゅっななちょーろくせんごひゃくよんじゅうにおくせんじゅうにまんよんせんろっぴゃくろくじゅうにぃ
きゅうひゃくはちじゅっななちょーろくせんごひゃくよんじゅうにおくせんじゅうにまんよんせんろっぴゃくろくじゅうさぁん
987654210124664
わおーーーーーーーん！U゜ｪ。U
987654210124666
987654210124667
きゅうひゃくはちじゅっななちょーろくせんごひゃくよんじゅうにおくせんじゅうにまんよんせんろっぴゃくろくじゅうはぁち
987654210124669
わん！U^ｪ^U
きゅうひゃくはちじゅっななちょーろくせんごひゃくよんじゅうにおくせんじゅうにまんよんせんろっぴゃくななじゅういち
987654210124672
きゅうひゃくはちじゅっななちょーろくせんごひゃくよんじゅうにおくせんじゅうにまんよんせんろっぴゃくななじゅうさぁん
きゅうひゃくはちじゅっななちょーろくせんごひゃくよんじゅうにおくせんじゅうにまんよんせんろっぴゃくななじゅうよぉん
わん！U^ｪ^U
987654210124676
きゅうひゃくはちじゅっななちょーろくせんごひゃくよんじゅうにおくせんじゅうにまんよんせんろっぴゃくななじゅうななぁ
987654210124678
987654210124679
わおーーーーーーーん！U゜ｪ。U
987654210124681
987654210124682
きゅうひゃくはちじゅっななちょーろくせんごひゃくよんじゅうにおくせんじゅうにまんよんせんろっぴゃくはちじゅうさぁん
987654210124684
わん！U^ｪ^U
きゅうひゃくはちじゅっななちょーろくせんごひゃくよんじゅうにおくせんじゅうにまんよんせんろっぴゃくはちじゅうろぉく
987654210124687
987654210124688
きゅうひゃくはちじゅっななちょーろくせんごひゃくよんじゅうにおくせんじゅうにまんよんせんろっぴゃくはちじゅうきゅう
わん！U^ｪ^U
987654210124691
きゅうひゃくはちじゅっななちょーろくせんごひゃくよんじゅうにおくせんじゅうにまんよんせんろっぴゃくきゅうじゅうにぃ
きゅうひゃくはちじゅっななちょーろくせんごひゃくよんじゅうにおくせんじゅうにまんよんせんろっぴゃくきゅうじゅうさぁん
987654210124694
わおーーーーーーーん！U゜ｪ。U
987654210124696
987654210124697
きゅうひゃくはちじゅっななちょーろくせんごひゃくよんじゅうにおくせんじゅうにまんよんせんろっぴゃくきゅうじゅうはぁち
987654210124699
わん！U^ｪ^U
きゅうひゃくはちじゅっななちょーろくせんごひゃくよんじゅうにおくせんじゅうにまんよんせんななひゃくいち
987654210124702
きゅうひゃくはちじゅっななちょーろくせんごひゃくよんじゅうにおくせんじゅうにまんよんせんななひゃくさぁん
きゅうひゃくはちじゅっななちょーろくせんごひゃくよんじゅうにおくせんじゅうにまんよんせんななひゃくよぉん
わん！U^ｪ^U
987654210124706
きゅうひゃくはちじゅっななちょーろくせんごひゃくよんじゅうにおくせんじゅうにまんよんせんななひゃくななぁ
987654210124708
987654210124709
わおーーーーーーーん！U゜ｪ。U
987654210124711
987654210124712
きゅうひゃくはちじゅっななちょーろくせんごひゃくよんじゅうにおくせんじゅうにまんよんせんななひゃくじゅうさぁん
987654210124714
わん！U^ｪ^U
きゅうひゃくはちじゅっななちょーろくせんごひゃくよんじゅうにおくせんじゅうにまんよんせんななひゃくじゅうろぉく
987654210124717
