1
2
さぁん
4
わん！U^ｪ^U
ろぉく
7
8(*´ω｀*)
きゅう
わん！U^ｪ^U
11
じゅうにぃ
じゅうさぁん
14
わおーーーーーーーん！U゜ｪ。U
16(*´ω｀*)
17
じゅうはぁち
19
わん！U^ｪ^U
にじゅういち
22
にじゅうさぁん
にじゅうよぉん(*´ω｀*)
わん！U^ｪ^U
26
にじゅうななぁ
28
29
わおーーーーーーーん！U゜ｪ。U
さんじゅういち
さんじゅうにぃ(*´ω｀*)
さんじゅうさぁん
さんじゅうよぉん
わおーーーーーーーん！U゜ｪ。U
さんじゅうろぉく
さんじゅうななぁ
さんじゅうはぁち
さんじゅうきゅう
わふんU*´ω｀*U
41
よんじゅうにぃ
よんじゅうさぁん
44
わおーーーーーーーん！U゜ｪ。U
46
47
よんじゅうはぁち(*´ω｀*)
49
わん！U^ｪ^U
ごじゅういち
52
ごじゅうさぁん
ごじゅうよぉん
わん！U^ｪ^U
56(*´ω｀*)
ごじゅうななぁ
58
59
わおーーーーーーーん！U゜ｪ。U
61
62
ろくじゅうさぁん
64(*´ω｀*)
わん！U^ｪ^U
ろくじゅうろぉく
67
68
ろくじゅうきゅう
わん！U^ｪ^U
71
ななじゅうにぃ(*´ω｀*)
ななじゅうさぁん
74
わおーーーーーーーん！U゜ｪ。U
76
77
ななじゅうはぁち
79
わふんU*´ω｀*U
はちじゅういち
82
はちじゅうさぁん
はちじゅうよぉん
わん！U^ｪ^U
86
はちじゅうななぁ
88(*´ω｀*)
89
わおーーーーーーーん！U゜ｪ。U
91
92
きゅうじゅうさぁん
94
わん！U^ｪ^U
きゅうじゅうろぉく(*´ω｀*)
97
98
きゅうじゅうきゅう
わん！U^ｪ^U
101
ひゃくにぃ
ひゃくさぁん
104(*´ω｀*)
わおーーーーーーーん！U゜ｪ。U
106
107
ひゃくはぁち
109
わん！U^ｪ^U
ひゃくじゅういち
112(*´ω｀*)
ひゃくじゅうさぁん
ひゃくじゅうよぉん
わん！U^ｪ^U
116
ひゃくじゅうななぁ
118
119
わふーーーーーん！！！U*´ω｀*U
121
122
ひゃくにじゅうさぁん
124
わん！U^ｪ^U
ひゃくにじゅうろぉく
127
128(*´ω｀*)
ひゃくにじゅうきゅう
わおーーーーーーーん！U゜ｪ。U
ひゃくさんじゅういち
ひゃくさんじゅうにぃ
ひゃくさんじゅうさぁん
ひゃくさんじゅうよぉん
わおーーーーーーーん！U゜ｪ。U
ひゃくさんじゅうろぉく(*´ω｀*)
ひゃくさんじゅうななぁ
ひゃくさんじゅうはぁち
ひゃくさんじゅうきゅう
わん！U^ｪ^U
ひゃくよんじゅういち
142
ひゃくよんじゅうさぁん
ひゃくよんじゅうよぉん(*´ω｀*)
わん！U^ｪ^U
146
ひゃくよんじゅうななぁ
148
149
わおーーーーーーーん！U゜ｪ。U
-- press enter key
